[35m[1mConsolidate compiler generated dependencies of target BMC_2024[0m
[ 33%] [32mBuilding CXX object CMakeFiles/BMC_2024.dir/src/aug_2024_system.cpp.o[0m
[01m[K/home/dkflippo/aug2024/src/BMC_2024/src/aug_2024_system.cpp:269:33:[m[K [01;31m[Kerror: [m[Kâ€˜[01m[Krowbot_bmc[m[Kâ€™ has not been declared
  269 | hardware_interface::return_type [01;31m[Krowbot_bmc[m[K ::AUG2024Hardware::write(
      |                                 [01;31m[K^~~~~~~~~~[m[K
[01m[K/home/dkflippo/aug2024/src/BMC_2024/src/aug_2024_system.cpp:[m[K In function â€˜[01m[Khardware_interface::return_type BMC_2024::write(const rclcpp::Time&, const rclcpp::Duration&)[m[Kâ€™:
[01m[K/home/dkflippo/aug2024/src/BMC_2024/src/aug_2024_system.cpp:273:3:[m[K [01;31m[Kerror: [m[Kâ€˜[01m[Kcomms_fl_[m[Kâ€™ was not declared in this scope
  273 |   [01;31m[Kcomms_fl_[m[K.setVelocity(motor_fl_.cmd * motor_fl_.mult);
      |   [01;31m[K^~~~~~~~~[m[K
[01m[K/home/dkflippo/aug2024/src/BMC_2024/src/aug_2024_system.cpp:273:25:[m[K [01;31m[Kerror: [m[Kâ€˜[01m[Kmotor_fl_[m[Kâ€™ was not declared in this scope
  273 |   comms_fl_.setVelocity([01;31m[Kmotor_fl_[m[K.cmd * motor_fl_.mult);
      |                         [01;31m[K^~~~~~~~~[m[K
[01m[K/home/dkflippo/aug2024/src/BMC_2024/src/aug_2024_system.cpp:274:3:[m[K [01;31m[Kerror: [m[Kâ€˜[01m[Kcomms_fr_[m[Kâ€™ was not declared in this scope
  274 |   [01;31m[Kcomms_fr_[m[K.setVelocity(motor_fr_.cmd * motor_fr_.mult);
      |   [01;31m[K^~~~~~~~~[m[K
[01m[K/home/dkflippo/aug2024/src/BMC_2024/src/aug_2024_system.cpp:274:25:[m[K [01;31m[Kerror: [m[Kâ€˜[01m[Kmotor_fr_[m[Kâ€™ was not declared in this scope
  274 |   comms_fr_.setVelocity([01;31m[Kmotor_fr_[m[K.cmd * motor_fr_.mult);
      |                         [01;31m[K^~~~~~~~~[m[K
[01m[K/home/dkflippo/aug2024/src/BMC_2024/src/aug_2024_system.cpp:275:3:[m[K [01;31m[Kerror: [m[Kâ€˜[01m[Kcomms_rl_[m[Kâ€™ was not declared in this scope
  275 |   [01;31m[Kcomms_rl_[m[K.setVelocity(motor_rl_.cmd * motor_rl_.mult);
      |   [01;31m[K^~~~~~~~~[m[K
[01m[K/home/dkflippo/aug2024/src/BMC_2024/src/aug_2024_system.cpp:275:25:[m[K [01;31m[Kerror: [m[Kâ€˜[01m[Kmotor_rl_[m[Kâ€™ was not declared in this scope
  275 |   comms_rl_.setVelocity([01;31m[Kmotor_rl_[m[K.cmd * motor_rl_.mult);
      |                         [01;31m[K^~~~~~~~~[m[K
[01m[K/home/dkflippo/aug2024/src/BMC_2024/src/aug_2024_system.cpp:276:3:[m[K [01;31m[Kerror: [m[Kâ€˜[01m[Kcomms_rr_[m[Kâ€™ was not declared in this scope
  276 |   [01;31m[Kcomms_rr_[m[K.setVelocity(motor_rr_.cmd * motor_rr_.mult);
      |   [01;31m[K^~~~~~~~~[m[K
[01m[K/home/dkflippo/aug2024/src/BMC_2024/src/aug_2024_system.cpp:276:25:[m[K [01;31m[Kerror: [m[Kâ€˜[01m[Kmotor_rr_[m[Kâ€™ was not declared in this scope
  276 |   comms_rr_.setVelocity([01;31m[Kmotor_rr_[m[K.cmd * motor_rr_.mult);
      |                         [01;31m[K^~~~~~~~~[m[K
gmake[2]: *** [CMakeFiles/BMC_2024.dir/build.make:76: CMakeFiles/BMC_2024.dir/src/aug_2024_system.cpp.o] Error 1
gmake[1]: *** [CMakeFiles/Makefile2:137: CMakeFiles/BMC_2024.dir/all] Error 2
gmake: *** [Makefile:146: all] Error 2
