[0.014s] Invoking command in '/home/dkflippo/aug2024/build/BMC_2024': CMAKE_PREFIX_PATH=${CMAKE_PREFIX_PATH}:/opt/ros/humble /usr/bin/cmake --build /home/dkflippo/aug2024/build/BMC_2024 -- -j12 -l12
[0.059s] [35m[1mConsolidate compiler generated dependencies of target BMC_2024[0m
[0.088s] [ 33%] [32mBuilding CXX object CMakeFiles/BMC_2024.dir/src/aug_2024_system.cpp.o[0m
[2.237s] [01m[K/home/dkflippo/aug2024/src/BMC_2024/src/aug_2024_system.cpp:269:33:[m[K [01;31m[Kerror: [m[Kâ€˜[01m[Krowbot_bmc[m[Kâ€™ has not been declared
[2.237s]   269 | hardware_interface::return_type [01;31m[Krowbot_bmc[m[K ::AUG2024Hardware::write(
[2.237s]       |                                 [01;31m[K^~~~~~~~~~[m[K
[2.242s] [01m[K/home/dkflippo/aug2024/src/BMC_2024/src/aug_2024_system.cpp:[m[K In function â€˜[01m[Khardware_interface::return_type BMC_2024::write(const rclcpp::Time&, const rclcpp::Duration&)[m[Kâ€™:
[2.242s] [01m[K/home/dkflippo/aug2024/src/BMC_2024/src/aug_2024_system.cpp:273:3:[m[K [01;31m[Kerror: [m[Kâ€˜[01m[Kcomms_fl_[m[Kâ€™ was not declared in this scope
[2.242s]   273 |   [01;31m[Kcomms_fl_[m[K.setVelocity(motor_fl_.cmd * motor_fl_.mult);
[2.243s]       |   [01;31m[K^~~~~~~~~[m[K
[2.245s] [01m[K/home/dkflippo/aug2024/src/BMC_2024/src/aug_2024_system.cpp:273:25:[m[K [01;31m[Kerror: [m[Kâ€˜[01m[Kmotor_fl_[m[Kâ€™ was not declared in this scope
[2.246s]   273 |   comms_fl_.setVelocity([01;31m[Kmotor_fl_[m[K.cmd * motor_fl_.mult);
[2.246s]       |                         [01;31m[K^~~~~~~~~[m[K
[2.248s] [01m[K/home/dkflippo/aug2024/src/BMC_2024/src/aug_2024_system.cpp:274:3:[m[K [01;31m[Kerror: [m[Kâ€˜[01m[Kcomms_fr_[m[Kâ€™ was not declared in this scope
[2.249s]   274 |   [01;31m[Kcomms_fr_[m[K.setVelocity(motor_fr_.cmd * motor_fr_.mult);
[2.249s]       |   [01;31m[K^~~~~~~~~[m[K
[2.251s] [01m[K/home/dkflippo/aug2024/src/BMC_2024/src/aug_2024_system.cpp:274:25:[m[K [01;31m[Kerror: [m[Kâ€˜[01m[Kmotor_fr_[m[Kâ€™ was not declared in this scope
[2.252s]   274 |   comms_fr_.setVelocity([01;31m[Kmotor_fr_[m[K.cmd * motor_fr_.mult);
[2.252s]       |                         [01;31m[K^~~~~~~~~[m[K
[2.254s] [01m[K/home/dkflippo/aug2024/src/BMC_2024/src/aug_2024_system.cpp:275:3:[m[K [01;31m[Kerror: [m[Kâ€˜[01m[Kcomms_rl_[m[Kâ€™ was not declared in this scope
[2.254s]   275 |   [01;31m[Kcomms_rl_[m[K.setVelocity(motor_rl_.cmd * motor_rl_.mult);
[2.255s]       |   [01;31m[K^~~~~~~~~[m[K
[2.257s] [01m[K/home/dkflippo/aug2024/src/BMC_2024/src/aug_2024_system.cpp:275:25:[m[K [01;31m[Kerror: [m[Kâ€˜[01m[Kmotor_rl_[m[Kâ€™ was not declared in this scope
[2.258s]   275 |   comms_rl_.setVelocity([01;31m[Kmotor_rl_[m[K.cmd * motor_rl_.mult);
[2.258s]       |                         [01;31m[K^~~~~~~~~[m[K
[2.261s] [01m[K/home/dkflippo/aug2024/src/BMC_2024/src/aug_2024_system.cpp:276:3:[m[K [01;31m[Kerror: [m[Kâ€˜[01m[Kcomms_rr_[m[Kâ€™ was not declared in this scope
[2.261s]   276 |   [01;31m[Kcomms_rr_[m[K.setVelocity(motor_rr_.cmd * motor_rr_.mult);
[2.261s]       |   [01;31m[K^~~~~~~~~[m[K
[2.264s] [01m[K/home/dkflippo/aug2024/src/BMC_2024/src/aug_2024_system.cpp:276:25:[m[K [01;31m[Kerror: [m[Kâ€˜[01m[Kmotor_rr_[m[Kâ€™ was not declared in this scope
[2.264s]   276 |   comms_rr_.setVelocity([01;31m[Kmotor_rr_[m[K.cmd * motor_rr_.mult);
[2.264s]       |                         [01;31m[K^~~~~~~~~[m[K
[2.804s] gmake[2]: *** [CMakeFiles/BMC_2024.dir/build.make:76: CMakeFiles/BMC_2024.dir/src/aug_2024_system.cpp.o] Error 1
[2.804s] gmake[1]: *** [CMakeFiles/Makefile2:137: CMakeFiles/BMC_2024.dir/all] Error 2
[2.804s] gmake: *** [Makefile:146: all] Error 2
[2.806s] Invoked command in '/home/dkflippo/aug2024/build/BMC_2024' returned '2': CMAKE_PREFIX_PATH=${CMAKE_PREFIX_PATH}:/opt/ros/humble /usr/bin/cmake --build /home/dkflippo/aug2024/build/BMC_2024 -- -j12 -l12
