[100%] [34m[1mxacro: generating description/urdf/aug_2024 from description/urdf/aug_2024.xacro[0m
[91mpackage not found: "package 'aug_2024' not found, searching: ['/home/dkflippo/aug2024/install/BMC_2024', '/opt/ros/humble', '/home/dkflippo/aug2024/install/aug_2024']"[0m
when processing file: description/urdf/aug_2024.xacro
gmake[2]: *** [CMakeFiles/aug_2024_aug_2024_generated_urdf.dir/build.make:73: description/urdf/aug_2024] Error 2
gmake[1]: *** [CMakeFiles/Makefile2:137: CMakeFiles/aug_2024_aug_2024_generated_urdf.dir/all] Error 2
gmake: *** [Makefile:146: all] Error 2
